2026-07-02 14:07:51,856 [INFO] app.main: Initializing DataManager and loading CSVs...
2026-07-02 14:07:51,856 [INFO] app.database: Loading CSVs...
2026-07-02 14:07:52,041 [INFO] app.database: Merging tables...
2026-07-02 14:07:52,070 [INFO] app.database: Data successfully loaded
2026-07-02 14:07:54,924 [INFO] app.main: Shutting down application...
2026-07-02 14:08:04,839 [INFO] app.main: Initializing DataManager and loading CSVs...
2026-07-02 14:08:04,840 [INFO] app.database: Loading CSVs...
2026-07-02 14:08:05,018 [INFO] app.database: Merging tables...
2026-07-02 14:08:05,048 [INFO] app.database: Data successfully loaded
2026-07-02 14:08:13,265 [INFO] app.main: Getting chart of sales with D frequency
2026-07-02 14:08:13,265 [INFO] app.database: Getting sales data...
2026-07-02 14:08:13,304 [INFO] app.database: Sales data retrieved
2026-07-02 14:08:13,304 [DEBUG] app.main:       OrderDate  SalesAmount
0    2010-12-29   14477.3382
1    2010-12-30   13931.5200
2    2010-12-31   15012.1782
3    2011-01-01    7156.5400
4    2011-01-02   15012.1782
...         ...          ...
1122 2014-01-24    1502.8500
1123 2014-01-25    1747.6700
1124 2014-01-26    1847.4600
1125 2014-01-27    1477.6100
1126 2014-01-28    2643.6100

[1127 rows x 2 columns]
2026-07-02 14:08:13,310 [INFO] app.main: Converting data into bokeh plot
2026-07-02 14:08:13,382 [INFO] app.main: Returning chart to user
2026-07-02 14:08:42,692 [INFO] app.main: Shutting down application...
2026-07-02 14:08:43,649 [INFO] app.main: Initializing DataManager and loading CSVs...
2026-07-02 14:08:43,649 [INFO] app.database: Loading CSVs...
2026-07-02 14:08:43,828 [INFO] app.database: Merging tables...
2026-07-02 14:08:43,859 [INFO] app.database: Data successfully loaded
2026-07-02 14:08:45,923 [INFO] app.main: Shutting down application...
2026-07-02 14:09:16,181 [INFO] app.main: Initializing DataManager and loading CSVs...
2026-07-02 14:09:16,181 [INFO] app.database: Loading CSVs...
2026-07-02 14:09:16,363 [INFO] app.database: Merging tables...
2026-07-02 14:09:16,394 [INFO] app.database: Data successfully loaded
2026-07-02 14:10:00,921 [INFO] app.main: Getting chart of sales with W frequency
2026-07-02 14:10:00,921 [INFO] app.database: Getting sales data...
2026-07-02 14:10:00,979 [INFO] app.database: Sales data retrieved
2026-07-02 14:10:00,979 [DEBUG] app.main:      OrderDate  SalesAmount
0   2011-01-02   65589.7546
1   2011-01-09   89938.5464
2   2011-01-16  104404.9064
3   2011-01-23  118525.6846
4   2011-01-30  123555.4310
..         ...          ...
157 2014-01-05   11403.0900
158 2014-01-12    9996.3100
159 2014-01-19   11774.2100
160 2014-01-26   11711.0100
161 2014-02-02    4121.2200

[162 rows x 2 columns]
2026-07-02 14:10:00,989 [INFO] app.main: Converting data into bokeh plot
2026-07-02 14:10:01,059 [INFO] app.main: Returning chart to user
2026-07-02 14:10:18,689 [INFO] app.main: Shutting down application...
2026-07-02 14:10:19,632 [INFO] app.main: Initializing DataManager and loading CSVs...
2026-07-02 14:10:19,633 [INFO] app.database: Loading CSVs...
2026-07-02 14:10:19,820 [INFO] app.database: Merging tables...
2026-07-02 14:10:19,849 [INFO] app.database: Data successfully loaded
2026-07-02 14:12:02,988 [INFO] app.main: Shutting down application...
2026-07-02 14:12:22,721 [INFO] app.main: Initializing DataManager and loading CSVs...
2026-07-02 14:12:22,722 [INFO] app.database: Loading CSVs...
2026-07-02 14:12:22,903 [INFO] app.database: Merging tables...
2026-07-02 14:12:22,933 [INFO] app.database: Data successfully loaded
2026-07-02 14:12:44,961 [INFO] app.main: Shutting down application...
2026-07-02 14:12:45,886 [INFO] app.main: Initializing DataManager and loading CSVs...
2026-07-02 14:12:45,886 [INFO] app.database: Loading CSVs...
2026-07-02 14:12:46,064 [INFO] app.database: Merging tables...
2026-07-02 14:12:46,091 [INFO] app.database: Data successfully loaded
2026-07-02 14:12:47,603 [INFO] app.main: Shutting down application...
