2026-07-02 10:04:22,272 [INFO] database: Loading CSVs...
2026-07-02 10:04:49,199 [INFO] database: Loading CSVs...
2026-07-02 10:05:39,807 [INFO] database: Loading CSVs...
2026-07-02 10:06:01,375 [INFO] database: Loading CSVs...
2026-07-02 10:06:01,573 [INFO] database:        ProductKey  OrderDateKey  DueDateKey  ShipDateKey  CustomerKey  ...  CarrierTrackingNumber  CustomerPONumber                OrderDate                  DueDate                 ShipDate
0             310      20101229    20110110     20110105        21768  ...                    NaN               NaN  2010-12-29 00:00:00.000  2011-01-10 00:00:00.000  2011-01-05 00:00:00.000
1             346      20101229    20110110     20110105        28389  ...                    NaN               NaN  2010-12-29 00:00:00.000  2011-01-10 00:00:00.000  2011-01-05 00:00:00.000
2             346      20101229    20110110     20110105        25863  ...                    NaN               NaN  2010-12-29 00:00:00.000  2011-01-10 00:00:00.000  2011-01-05 00:00:00.000
3             336      20101229    20110110     20110105        14501  ...                    NaN               NaN  2010-12-29 00:00:00.000  2011-01-10 00:00:00.000  2011-01-05 00:00:00.000
4             346      20101229    20110110     20110105        11003  ...                    NaN               NaN  2010-12-29 00:00:00.000  2011-01-10 00:00:00.000  2011-01-05 00:00:00.000
...           ...           ...         ...          ...          ...  ...                    ...               ...                      ...                      ...                      ...
60393         485      20140128    20140209     20140204        15868  ...                    NaN               NaN  2014-01-28 00:00:00.000  2014-02-09 00:00:00.000  2014-02-04 00:00:00.000
60394         225      20140128    20140209     20140204        15868  ...                    NaN               NaN  2014-01-28 00:00:00.000  2014-02-09 00:00:00.000  2014-02-04 00:00:00.000
60395         485      20140128    20140209     20140204        18759  ...                    NaN               NaN  2014-01-28 00:00:00.000  2014-02-09 00:00:00.000  2014-02-04 00:00:00.000
60396         486      20140128    20140209     20140204        18759  ...                    NaN               NaN  2014-01-28 00:00:00.000  2014-02-09 00:00:00.000  2014-02-04 00:00:00.000
60397         225      20140128    20140209     20140204        18759  ...                    NaN               NaN  2014-01-28 00:00:00.000  2014-02-09 00:00:00.000  2014-02-04 00:00:00.000

[60398 rows x 26 columns]
2026-07-02 10:06:01,624 [INFO] database: Loading CSVs...
2026-07-02 10:06:01,811 [INFO] database:        ProductKey  OrderDateKey  DueDateKey  ShipDateKey  CustomerKey  ...  CarrierTrackingNumber  CustomerPONumber                OrderDate                  DueDate                 ShipDate
0             310      20101229    20110110     20110105        21768  ...                    NaN               NaN  2010-12-29 00:00:00.000  2011-01-10 00:00:00.000  2011-01-05 00:00:00.000
1             346      20101229    20110110     20110105        28389  ...                    NaN               NaN  2010-12-29 00:00:00.000  2011-01-10 00:00:00.000  2011-01-05 00:00:00.000
2             346      20101229    20110110     20110105        25863  ...                    NaN               NaN  2010-12-29 00:00:00.000  2011-01-10 00:00:00.000  2011-01-05 00:00:00.000
3             336      20101229    20110110     20110105        14501  ...                    NaN               NaN  2010-12-29 00:00:00.000  2011-01-10 00:00:00.000  2011-01-05 00:00:00.000
4             346      20101229    20110110     20110105        11003  ...                    NaN               NaN  2010-12-29 00:00:00.000  2011-01-10 00:00:00.000  2011-01-05 00:00:00.000
...           ...           ...         ...          ...          ...  ...                    ...               ...                      ...                      ...                      ...
60393         485      20140128    20140209     20140204        15868  ...                    NaN               NaN  2014-01-28 00:00:00.000  2014-02-09 00:00:00.000  2014-02-04 00:00:00.000
60394         225      20140128    20140209     20140204        15868  ...                    NaN               NaN  2014-01-28 00:00:00.000  2014-02-09 00:00:00.000  2014-02-04 00:00:00.000
60395         485      20140128    20140209     20140204        18759  ...                    NaN               NaN  2014-01-28 00:00:00.000  2014-02-09 00:00:00.000  2014-02-04 00:00:00.000
60396         486      20140128    20140209     20140204        18759  ...                    NaN               NaN  2014-01-28 00:00:00.000  2014-02-09 00:00:00.000  2014-02-04 00:00:00.000
60397         225      20140128    20140209     20140204        18759  ...                    NaN               NaN  2014-01-28 00:00:00.000  2014-02-09 00:00:00.000  2014-02-04 00:00:00.000

[60398 rows x 26 columns]
2026-07-02 10:06:02,525 [INFO] database: Loading CSVs...
2026-07-02 10:06:02,705 [INFO] database:        ProductKey  OrderDateKey  DueDateKey  ShipDateKey  CustomerKey  ...  CarrierTrackingNumber  CustomerPONumber                OrderDate                  DueDate                 ShipDate
0             310      20101229    20110110     20110105        21768  ...                    NaN               NaN  2010-12-29 00:00:00.000  2011-01-10 00:00:00.000  2011-01-05 00:00:00.000
1             346      20101229    20110110     20110105        28389  ...                    NaN               NaN  2010-12-29 00:00:00.000  2011-01-10 00:00:00.000  2011-01-05 00:00:00.000
2             346      20101229    20110110     20110105        25863  ...                    NaN               NaN  2010-12-29 00:00:00.000  2011-01-10 00:00:00.000  2011-01-05 00:00:00.000
3             336      20101229    20110110     20110105        14501  ...                    NaN               NaN  2010-12-29 00:00:00.000  2011-01-10 00:00:00.000  2011-01-05 00:00:00.000
4             346      20101229    20110110     20110105        11003  ...                    NaN               NaN  2010-12-29 00:00:00.000  2011-01-10 00:00:00.000  2011-01-05 00:00:00.000
...           ...           ...         ...          ...          ...  ...                    ...               ...                      ...                      ...                      ...
60393         485      20140128    20140209     20140204        15868  ...                    NaN               NaN  2014-01-28 00:00:00.000  2014-02-09 00:00:00.000  2014-02-04 00:00:00.000
60394         225      20140128    20140209     20140204        15868  ...                    NaN               NaN  2014-01-28 00:00:00.000  2014-02-09 00:00:00.000  2014-02-04 00:00:00.000
60395         485      20140128    20140209     20140204        18759  ...                    NaN               NaN  2014-01-28 00:00:00.000  2014-02-09 00:00:00.000  2014-02-04 00:00:00.000
60396         486      20140128    20140209     20140204        18759  ...                    NaN               NaN  2014-01-28 00:00:00.000  2014-02-09 00:00:00.000  2014-02-04 00:00:00.000
60397         225      20140128    20140209     20140204        18759  ...                    NaN               NaN  2014-01-28 00:00:00.000  2014-02-09 00:00:00.000  2014-02-04 00:00:00.000

[60398 rows x 26 columns]
2026-07-02 10:06:02,753 [DEBUG] asyncio: Using selector: SelectSelector
2026-07-02 10:06:02,764 [INFO] database: Loading CSVs...
2026-07-02 10:06:02,942 [INFO] database:        ProductKey  OrderDateKey  DueDateKey  ShipDateKey  CustomerKey  ...  CarrierTrackingNumber  CustomerPONumber                OrderDate                  DueDate                 ShipDate
0             310      20101229    20110110     20110105        21768  ...                    NaN               NaN  2010-12-29 00:00:00.000  2011-01-10 00:00:00.000  2011-01-05 00:00:00.000
1             346      20101229    20110110     20110105        28389  ...                    NaN               NaN  2010-12-29 00:00:00.000  2011-01-10 00:00:00.000  2011-01-05 00:00:00.000
2             346      20101229    20110110     20110105        25863  ...                    NaN               NaN  2010-12-29 00:00:00.000  2011-01-10 00:00:00.000  2011-01-05 00:00:00.000
3             336      20101229    20110110     20110105        14501  ...                    NaN               NaN  2010-12-29 00:00:00.000  2011-01-10 00:00:00.000  2011-01-05 00:00:00.000
4             346      20101229    20110110     20110105        11003  ...                    NaN               NaN  2010-12-29 00:00:00.000  2011-01-10 00:00:00.000  2011-01-05 00:00:00.000
...           ...           ...         ...          ...          ...  ...                    ...               ...                      ...                      ...                      ...
60393         485      20140128    20140209     20140204        15868  ...                    NaN               NaN  2014-01-28 00:00:00.000  2014-02-09 00:00:00.000  2014-02-04 00:00:00.000
60394         225      20140128    20140209     20140204        15868  ...                    NaN               NaN  2014-01-28 00:00:00.000  2014-02-09 00:00:00.000  2014-02-04 00:00:00.000
60395         485      20140128    20140209     20140204        18759  ...                    NaN               NaN  2014-01-28 00:00:00.000  2014-02-09 00:00:00.000  2014-02-04 00:00:00.000
60396         486      20140128    20140209     20140204        18759  ...                    NaN               NaN  2014-01-28 00:00:00.000  2014-02-09 00:00:00.000  2014-02-04 00:00:00.000
60397         225      20140128    20140209     20140204        18759  ...                    NaN               NaN  2014-01-28 00:00:00.000  2014-02-09 00:00:00.000  2014-02-04 00:00:00.000

[60398 rows x 26 columns]
2026-07-02 10:09:58,824 [INFO] database: Loading CSVs...
2026-07-02 10:09:59,015 [INFO] database:        ProductKey  OrderDateKey  DueDateKey  ShipDateKey  CustomerKey  ...  CarrierTrackingNumber  CustomerPONumber                OrderDate                  DueDate                 ShipDate
0             310      20101229    20110110     20110105        21768  ...                    NaN               NaN  2010-12-29 00:00:00.000  2011-01-10 00:00:00.000  2011-01-05 00:00:00.000
1             346      20101229    20110110     20110105        28389  ...                    NaN               NaN  2010-12-29 00:00:00.000  2011-01-10 00:00:00.000  2011-01-05 00:00:00.000
2             346      20101229    20110110     20110105        25863  ...                    NaN               NaN  2010-12-29 00:00:00.000  2011-01-10 00:00:00.000  2011-01-05 00:00:00.000
3             336      20101229    20110110     20110105        14501  ...                    NaN               NaN  2010-12-29 00:00:00.000  2011-01-10 00:00:00.000  2011-01-05 00:00:00.000
4             346      20101229    20110110     20110105        11003  ...                    NaN               NaN  2010-12-29 00:00:00.000  2011-01-10 00:00:00.000  2011-01-05 00:00:00.000
...           ...           ...         ...          ...          ...  ...                    ...               ...                      ...                      ...                      ...
60393         485      20140128    20140209     20140204        15868  ...                    NaN               NaN  2014-01-28 00:00:00.000  2014-02-09 00:00:00.000  2014-02-04 00:00:00.000
60394         225      20140128    20140209     20140204        15868  ...                    NaN               NaN  2014-01-28 00:00:00.000  2014-02-09 00:00:00.000  2014-02-04 00:00:00.000
60395         485      20140128    20140209     20140204        18759  ...                    NaN               NaN  2014-01-28 00:00:00.000  2014-02-09 00:00:00.000  2014-02-04 00:00:00.000
60396         486      20140128    20140209     20140204        18759  ...                    NaN               NaN  2014-01-28 00:00:00.000  2014-02-09 00:00:00.000  2014-02-04 00:00:00.000
60397         225      20140128    20140209     20140204        18759  ...                    NaN               NaN  2014-01-28 00:00:00.000  2014-02-09 00:00:00.000  2014-02-04 00:00:00.000

[60398 rows x 26 columns]
2026-07-02 10:09:59,078 [DEBUG] asyncio: Using selector: SelectSelector
2026-07-02 10:09:59,091 [INFO] database: Loading CSVs...
2026-07-02 10:09:59,279 [INFO] database:        ProductKey  OrderDateKey  DueDateKey  ShipDateKey  CustomerKey  ...  CarrierTrackingNumber  CustomerPONumber                OrderDate                  DueDate                 ShipDate
0             310      20101229    20110110     20110105        21768  ...                    NaN               NaN  2010-12-29 00:00:00.000  2011-01-10 00:00:00.000  2011-01-05 00:00:00.000
1             346      20101229    20110110     20110105        28389  ...                    NaN               NaN  2010-12-29 00:00:00.000  2011-01-10 00:00:00.000  2011-01-05 00:00:00.000
2             346      20101229    20110110     20110105        25863  ...                    NaN               NaN  2010-12-29 00:00:00.000  2011-01-10 00:00:00.000  2011-01-05 00:00:00.000
3             336      20101229    20110110     20110105        14501  ...                    NaN               NaN  2010-12-29 00:00:00.000  2011-01-10 00:00:00.000  2011-01-05 00:00:00.000
4             346      20101229    20110110     20110105        11003  ...                    NaN               NaN  2010-12-29 00:00:00.000  2011-01-10 00:00:00.000  2011-01-05 00:00:00.000
...           ...           ...         ...          ...          ...  ...                    ...               ...                      ...                      ...                      ...
60393         485      20140128    20140209     20140204        15868  ...                    NaN               NaN  2014-01-28 00:00:00.000  2014-02-09 00:00:00.000  2014-02-04 00:00:00.000
60394         225      20140128    20140209     20140204        15868  ...                    NaN               NaN  2014-01-28 00:00:00.000  2014-02-09 00:00:00.000  2014-02-04 00:00:00.000
60395         485      20140128    20140209     20140204        18759  ...                    NaN               NaN  2014-01-28 00:00:00.000  2014-02-09 00:00:00.000  2014-02-04 00:00:00.000
60396         486      20140128    20140209     20140204        18759  ...                    NaN               NaN  2014-01-28 00:00:00.000  2014-02-09 00:00:00.000  2014-02-04 00:00:00.000
60397         225      20140128    20140209     20140204        18759  ...                    NaN               NaN  2014-01-28 00:00:00.000  2014-02-09 00:00:00.000  2014-02-04 00:00:00.000

[60398 rows x 26 columns]
2026-07-02 10:09:59,301 [INFO] main: Initializing DataManager and loading CSVs...
2026-07-02 10:09:59,301 [INFO] database: Loading CSVs...
2026-07-02 10:09:59,500 [INFO] database:        ProductKey  OrderDateKey  DueDateKey  ShipDateKey  CustomerKey  ...  CarrierTrackingNumber  CustomerPONumber                OrderDate                  DueDate                 ShipDate
0             310      20101229    20110110     20110105        21768  ...                    NaN               NaN  2010-12-29 00:00:00.000  2011-01-10 00:00:00.000  2011-01-05 00:00:00.000
1             346      20101229    20110110     20110105        28389  ...                    NaN               NaN  2010-12-29 00:00:00.000  2011-01-10 00:00:00.000  2011-01-05 00:00:00.000
2             346      20101229    20110110     20110105        25863  ...                    NaN               NaN  2010-12-29 00:00:00.000  2011-01-10 00:00:00.000  2011-01-05 00:00:00.000
3             336      20101229    20110110     20110105        14501  ...                    NaN               NaN  2010-12-29 00:00:00.000  2011-01-10 00:00:00.000  2011-01-05 00:00:00.000
4             346      20101229    20110110     20110105        11003  ...                    NaN               NaN  2010-12-29 00:00:00.000  2011-01-10 00:00:00.000  2011-01-05 00:00:00.000
...           ...           ...         ...          ...          ...  ...                    ...               ...                      ...                      ...                      ...
60393         485      20140128    20140209     20140204        15868  ...                    NaN               NaN  2014-01-28 00:00:00.000  2014-02-09 00:00:00.000  2014-02-04 00:00:00.000
60394         225      20140128    20140209     20140204        15868  ...                    NaN               NaN  2014-01-28 00:00:00.000  2014-02-09 00:00:00.000  2014-02-04 00:00:00.000
60395         485      20140128    20140209     20140204        18759  ...                    NaN               NaN  2014-01-28 00:00:00.000  2014-02-09 00:00:00.000  2014-02-04 00:00:00.000
60396         486      20140128    20140209     20140204        18759  ...                    NaN               NaN  2014-01-28 00:00:00.000  2014-02-09 00:00:00.000  2014-02-04 00:00:00.000
60397         225      20140128    20140209     20140204        18759  ...                    NaN               NaN  2014-01-28 00:00:00.000  2014-02-09 00:00:00.000  2014-02-04 00:00:00.000

[60398 rows x 26 columns]
2026-07-02 10:10:07,281 [INFO] main: Shutting down application...
2026-07-02 10:10:07,872 [DEBUG] asyncio: Using selector: SelectSelector
2026-07-02 10:10:07,887 [INFO] main: Initializing DataManager and loading CSVs...
2026-07-02 10:10:07,888 [INFO] database: Loading CSVs...
2026-07-02 10:10:08,068 [INFO] database:        ProductKey  OrderDateKey  DueDateKey  ShipDateKey  CustomerKey  ...  CarrierTrackingNumber  CustomerPONumber                OrderDate                  DueDate                 ShipDate
0             310      20101229    20110110     20110105        21768  ...                    NaN               NaN  2010-12-29 00:00:00.000  2011-01-10 00:00:00.000  2011-01-05 00:00:00.000
1             346      20101229    20110110     20110105        28389  ...                    NaN               NaN  2010-12-29 00:00:00.000  2011-01-10 00:00:00.000  2011-01-05 00:00:00.000
2             346      20101229    20110110     20110105        25863  ...                    NaN               NaN  2010-12-29 00:00:00.000  2011-01-10 00:00:00.000  2011-01-05 00:00:00.000
3             336      20101229    20110110     20110105        14501  ...                    NaN               NaN  2010-12-29 00:00:00.000  2011-01-10 00:00:00.000  2011-01-05 00:00:00.000
4             346      20101229    20110110     20110105        11003  ...                    NaN               NaN  2010-12-29 00:00:00.000  2011-01-10 00:00:00.000  2011-01-05 00:00:00.000
...           ...           ...         ...          ...          ...  ...                    ...               ...                      ...                      ...                      ...
60393         485      20140128    20140209     20140204        15868  ...                    NaN               NaN  2014-01-28 00:00:00.000  2014-02-09 00:00:00.000  2014-02-04 00:00:00.000
60394         225      20140128    20140209     20140204        15868  ...                    NaN               NaN  2014-01-28 00:00:00.000  2014-02-09 00:00:00.000  2014-02-04 00:00:00.000
60395         485      20140128    20140209     20140204        18759  ...                    NaN               NaN  2014-01-28 00:00:00.000  2014-02-09 00:00:00.000  2014-02-04 00:00:00.000
60396         486      20140128    20140209     20140204        18759  ...                    NaN               NaN  2014-01-28 00:00:00.000  2014-02-09 00:00:00.000  2014-02-04 00:00:00.000
60397         225      20140128    20140209     20140204        18759  ...                    NaN               NaN  2014-01-28 00:00:00.000  2014-02-09 00:00:00.000  2014-02-04 00:00:00.000

[60398 rows x 26 columns]
2026-07-02 10:10:12,233 [INFO] main: Shutting down application...
2026-07-02 10:10:14,570 [DEBUG] asyncio: Using selector: SelectSelector
2026-07-02 10:10:14,584 [INFO] main: Initializing DataManager and loading CSVs...
2026-07-02 10:10:14,584 [INFO] database: Loading CSVs...
2026-07-02 10:10:14,765 [INFO] database:        ProductKey  OrderDateKey  DueDateKey  ShipDateKey  CustomerKey  ...  CarrierTrackingNumber  CustomerPONumber                OrderDate                  DueDate                 ShipDate
0             310      20101229    20110110     20110105        21768  ...                    NaN               NaN  2010-12-29 00:00:00.000  2011-01-10 00:00:00.000  2011-01-05 00:00:00.000
1             346      20101229    20110110     20110105        28389  ...                    NaN               NaN  2010-12-29 00:00:00.000  2011-01-10 00:00:00.000  2011-01-05 00:00:00.000
2             346      20101229    20110110     20110105        25863  ...                    NaN               NaN  2010-12-29 00:00:00.000  2011-01-10 00:00:00.000  2011-01-05 00:00:00.000
3             336      20101229    20110110     20110105        14501  ...                    NaN               NaN  2010-12-29 00:00:00.000  2011-01-10 00:00:00.000  2011-01-05 00:00:00.000
4             346      20101229    20110110     20110105        11003  ...                    NaN               NaN  2010-12-29 00:00:00.000  2011-01-10 00:00:00.000  2011-01-05 00:00:00.000
...           ...           ...         ...          ...          ...  ...                    ...               ...                      ...                      ...                      ...
60393         485      20140128    20140209     20140204        15868  ...                    NaN               NaN  2014-01-28 00:00:00.000  2014-02-09 00:00:00.000  2014-02-04 00:00:00.000
60394         225      20140128    20140209     20140204        15868  ...                    NaN               NaN  2014-01-28 00:00:00.000  2014-02-09 00:00:00.000  2014-02-04 00:00:00.000
60395         485      20140128    20140209     20140204        18759  ...                    NaN               NaN  2014-01-28 00:00:00.000  2014-02-09 00:00:00.000  2014-02-04 00:00:00.000
60396         486      20140128    20140209     20140204        18759  ...                    NaN               NaN  2014-01-28 00:00:00.000  2014-02-09 00:00:00.000  2014-02-04 00:00:00.000
60397         225      20140128    20140209     20140204        18759  ...                    NaN               NaN  2014-01-28 00:00:00.000  2014-02-09 00:00:00.000  2014-02-04 00:00:00.000

[60398 rows x 26 columns]
2026-07-02 10:10:25,153 [INFO] main: Getting chart of sales
2026-07-02 10:10:53,483 [INFO] main: Shutting down application...
2026-07-02 10:10:54,053 [DEBUG] asyncio: Using selector: SelectSelector
2026-07-02 10:10:54,067 [INFO] main: Initializing DataManager and loading CSVs...
2026-07-02 10:10:54,067 [INFO] database: Loading CSVs...
2026-07-02 10:10:54,254 [INFO] database:        ProductKey  OrderDateKey  DueDateKey  ShipDateKey  CustomerKey  ...  CarrierTrackingNumber  CustomerPONumber                OrderDate                  DueDate                 ShipDate
0             310      20101229    20110110     20110105        21768  ...                    NaN               NaN  2010-12-29 00:00:00.000  2011-01-10 00:00:00.000  2011-01-05 00:00:00.000
1             346      20101229    20110110     20110105        28389  ...                    NaN               NaN  2010-12-29 00:00:00.000  2011-01-10 00:00:00.000  2011-01-05 00:00:00.000
2             346      20101229    20110110     20110105        25863  ...                    NaN               NaN  2010-12-29 00:00:00.000  2011-01-10 00:00:00.000  2011-01-05 00:00:00.000
3             336      20101229    20110110     20110105        14501  ...                    NaN               NaN  2010-12-29 00:00:00.000  2011-01-10 00:00:00.000  2011-01-05 00:00:00.000
4             346      20101229    20110110     20110105        11003  ...                    NaN               NaN  2010-12-29 00:00:00.000  2011-01-10 00:00:00.000  2011-01-05 00:00:00.000
...           ...           ...         ...          ...          ...  ...                    ...               ...                      ...                      ...                      ...
60393         485      20140128    20140209     20140204        15868  ...                    NaN               NaN  2014-01-28 00:00:00.000  2014-02-09 00:00:00.000  2014-02-04 00:00:00.000
60394         225      20140128    20140209     20140204        15868  ...                    NaN               NaN  2014-01-28 00:00:00.000  2014-02-09 00:00:00.000  2014-02-04 00:00:00.000
60395         485      20140128    20140209     20140204        18759  ...                    NaN               NaN  2014-01-28 00:00:00.000  2014-02-09 00:00:00.000  2014-02-04 00:00:00.000
60396         486      20140128    20140209     20140204        18759  ...                    NaN               NaN  2014-01-28 00:00:00.000  2014-02-09 00:00:00.000  2014-02-04 00:00:00.000
60397         225      20140128    20140209     20140204        18759  ...                    NaN               NaN  2014-01-28 00:00:00.000  2014-02-09 00:00:00.000  2014-02-04 00:00:00.000

[60398 rows x 26 columns]
2026-07-02 10:10:58,857 [INFO] main: Getting chart of sales
2026-07-02 10:10:58,857 [INFO] main:        ProductKey  OrderDateKey  DueDateKey  ShipDateKey  CustomerKey  ...  CarrierTrackingNumber  CustomerPONumber                OrderDate                  DueDate                 ShipDate
0             310      20101229    20110110     20110105        21768  ...                    NaN               NaN  2010-12-29 00:00:00.000  2011-01-10 00:00:00.000  2011-01-05 00:00:00.000
1             346      20101229    20110110     20110105        28389  ...                    NaN               NaN  2010-12-29 00:00:00.000  2011-01-10 00:00:00.000  2011-01-05 00:00:00.000
2             346      20101229    20110110     20110105        25863  ...                    NaN               NaN  2010-12-29 00:00:00.000  2011-01-10 00:00:00.000  2011-01-05 00:00:00.000
3             336      20101229    20110110     20110105        14501  ...                    NaN               NaN  2010-12-29 00:00:00.000  2011-01-10 00:00:00.000  2011-01-05 00:00:00.000
4             346      20101229    20110110     20110105        11003  ...                    NaN               NaN  2010-12-29 00:00:00.000  2011-01-10 00:00:00.000  2011-01-05 00:00:00.000
...           ...           ...         ...          ...          ...  ...                    ...               ...                      ...                      ...                      ...
60393         485      20140128    20140209     20140204        15868  ...                    NaN               NaN  2014-01-28 00:00:00.000  2014-02-09 00:00:00.000  2014-02-04 00:00:00.000
60394         225      20140128    20140209     20140204        15868  ...                    NaN               NaN  2014-01-28 00:00:00.000  2014-02-09 00:00:00.000  2014-02-04 00:00:00.000
60395         485      20140128    20140209     20140204        18759  ...                    NaN               NaN  2014-01-28 00:00:00.000  2014-02-09 00:00:00.000  2014-02-04 00:00:00.000
60396         486      20140128    20140209     20140204        18759  ...                    NaN               NaN  2014-01-28 00:00:00.000  2014-02-09 00:00:00.000  2014-02-04 00:00:00.000
60397         225      20140128    20140209     20140204        18759  ...                    NaN               NaN  2014-01-28 00:00:00.000  2014-02-09 00:00:00.000  2014-02-04 00:00:00.000

[60398 rows x 26 columns]
2026-07-02 10:11:23,050 [INFO] main: Shutting down application...
2026-07-02 10:11:23,640 [DEBUG] asyncio: Using selector: SelectSelector
2026-07-02 10:11:23,655 [INFO] main: Initializing DataManager and loading CSVs...
2026-07-02 10:11:23,655 [INFO] database: Loading CSVs...
2026-07-02 10:11:23,837 [INFO] database: CSVs successfully loaded
2026-07-02 10:13:22,148 [INFO] main: Shutting down application...
2026-07-02 10:13:22,779 [DEBUG] asyncio: Using selector: SelectSelector
2026-07-02 10:13:22,793 [INFO] main: Initializing DataManager and loading CSVs...
2026-07-02 10:13:22,793 [INFO] database: Loading CSVs...
2026-07-02 10:13:23,002 [INFO] database: CSVs successfully loaded
2026-07-02 10:13:46,635 [INFO] main: Shutting down application...
2026-07-02 10:13:47,207 [DEBUG] asyncio: Using selector: SelectSelector
2026-07-02 10:13:47,221 [INFO] main: Initializing DataManager and loading CSVs...
2026-07-02 10:13:47,221 [INFO] database: Loading CSVs...
2026-07-02 10:13:47,400 [INFO] database: Merging tables...
2026-07-02 10:13:47,427 [INFO] database: Data successfully loaded
2026-07-02 10:14:02,258 [INFO] main: Getting chart of sales
2026-07-02 10:14:02,258 [INFO] main:        ProductKey  OrderDateKey  DueDateKey  ShipDateKey  CustomerKey  ...  CarrierTrackingNumber  CustomerPONumber                OrderDate                  DueDate                 ShipDate
0             310      20101229    20110110     20110105        21768  ...                    NaN               NaN  2010-12-29 00:00:00.000  2011-01-10 00:00:00.000  2011-01-05 00:00:00.000
1             346      20101229    20110110     20110105        28389  ...                    NaN               NaN  2010-12-29 00:00:00.000  2011-01-10 00:00:00.000  2011-01-05 00:00:00.000
2             346      20101229    20110110     20110105        25863  ...                    NaN               NaN  2010-12-29 00:00:00.000  2011-01-10 00:00:00.000  2011-01-05 00:00:00.000
3             336      20101229    20110110     20110105        14501  ...                    NaN               NaN  2010-12-29 00:00:00.000  2011-01-10 00:00:00.000  2011-01-05 00:00:00.000
4             346      20101229    20110110     20110105        11003  ...                    NaN               NaN  2010-12-29 00:00:00.000  2011-01-10 00:00:00.000  2011-01-05 00:00:00.000
...           ...           ...         ...          ...          ...  ...                    ...               ...                      ...                      ...                      ...
60393         485      20140128    20140209     20140204        15868  ...                    NaN               NaN  2014-01-28 00:00:00.000  2014-02-09 00:00:00.000  2014-02-04 00:00:00.000
60394         225      20140128    20140209     20140204        15868  ...                    NaN               NaN  2014-01-28 00:00:00.000  2014-02-09 00:00:00.000  2014-02-04 00:00:00.000
60395         485      20140128    20140209     20140204        18759  ...                    NaN               NaN  2014-01-28 00:00:00.000  2014-02-09 00:00:00.000  2014-02-04 00:00:00.000
60396         486      20140128    20140209     20140204        18759  ...                    NaN               NaN  2014-01-28 00:00:00.000  2014-02-09 00:00:00.000  2014-02-04 00:00:00.000
60397         225      20140128    20140209     20140204        18759  ...                    NaN               NaN  2014-01-28 00:00:00.000  2014-02-09 00:00:00.000  2014-02-04 00:00:00.000

[60398 rows x 26 columns]
2026-07-02 10:23:03,590 [INFO] main: Shutting down application...
2026-07-02 10:23:04,240 [DEBUG] asyncio: Using selector: SelectSelector
2026-07-02 10:23:04,254 [INFO] main: Initializing DataManager and loading CSVs...
2026-07-02 10:23:04,254 [INFO] database: Loading CSVs...
2026-07-02 10:23:04,439 [INFO] database: Merging tables...
2026-07-02 10:23:04,469 [INFO] database: Data successfully loaded
2026-07-02 10:23:56,166 [INFO] main: Shutting down application...
2026-07-02 10:23:56,779 [DEBUG] asyncio: Using selector: SelectSelector
2026-07-02 10:23:56,795 [INFO] main: Initializing DataManager and loading CSVs...
2026-07-02 10:23:56,795 [INFO] database: Loading CSVs...
2026-07-02 10:23:56,981 [INFO] database: Merging tables...
2026-07-02 10:23:57,013 [INFO] database: Data successfully loaded
2026-07-02 10:23:58,499 [INFO] main: Shutting down application...
2026-07-02 10:23:59,076 [DEBUG] asyncio: Using selector: SelectSelector
2026-07-02 10:23:59,091 [INFO] main: Initializing DataManager and loading CSVs...
2026-07-02 10:23:59,091 [INFO] database: Loading CSVs...
2026-07-02 10:23:59,275 [INFO] database: Merging tables...
2026-07-02 10:23:59,308 [INFO] database: Data successfully loaded
2026-07-02 10:24:06,910 [INFO] main: Getting chart of sales
2026-07-02 10:24:06,910 [INFO] database: Getting sales data...
2026-07-02 10:24:06,953 [INFO] database: Sales data retrieved
2026-07-02 10:24:06,953 [INFO] main:      OrderDate  SalesAmount
0   2011-01-02   65589.7546
1   2011-01-09   89938.5464
2   2011-01-16  104404.9064
3   2011-01-23  118525.6846
4   2011-01-30  123555.4310
..         ...          ...
157 2014-01-05   11403.0900
158 2014-01-12    9996.3100
159 2014-01-19   11774.2100
160 2014-01-26   11711.0100
161 2014-02-02    4121.2200

[162 rows x 2 columns]
2026-07-02 10:37:02,503 [INFO] main: Shutting down application...
2026-07-02 10:37:03,526 [DEBUG] asyncio: Using selector: SelectSelector
2026-07-02 10:37:03,542 [INFO] main: Initializing DataManager and loading CSVs...
2026-07-02 10:37:03,542 [INFO] database: Loading CSVs...
2026-07-02 10:37:03,733 [INFO] database: Merging tables...
2026-07-02 10:37:03,763 [INFO] database: Data successfully loaded
2026-07-02 10:37:03,869 [INFO] main: Shutting down application...
2026-07-02 10:37:04,796 [DEBUG] asyncio: Using selector: SelectSelector
2026-07-02 10:37:04,808 [INFO] main: Initializing DataManager and loading CSVs...
2026-07-02 10:37:04,808 [INFO] database: Loading CSVs...
2026-07-02 10:37:04,997 [INFO] database: Merging tables...
2026-07-02 10:37:05,028 [INFO] database: Data successfully loaded
2026-07-02 10:39:23,337 [INFO] main: Getting chart of sales
2026-07-02 10:39:23,338 [INFO] database: Getting sales data...
2026-07-02 10:39:23,377 [INFO] database: Sales data retrieved
2026-07-02 10:39:23,377 [DEBUG] main:      OrderDate  SalesAmount
0   2011-01-02   65589.7546
1   2011-01-09   89938.5464
2   2011-01-16  104404.9064
3   2011-01-23  118525.6846
4   2011-01-30  123555.4310
..         ...          ...
157 2014-01-05   11403.0900
158 2014-01-12    9996.3100
159 2014-01-19   11774.2100
160 2014-01-26   11711.0100
161 2014-02-02    4121.2200

[162 rows x 2 columns]
2026-07-02 10:39:23,383 [INFO] main: Converting data into bokeh plot
2026-07-02 10:39:23,451 [INFO] main: Returning chart to user
2026-07-02 10:40:56,269 [INFO] main: Getting chart of sales
2026-07-02 10:40:56,270 [INFO] database: Getting sales data...
2026-07-02 10:40:56,307 [INFO] database: Sales data retrieved
2026-07-02 10:40:56,307 [DEBUG] main:      OrderDate  SalesAmount
0   2011-01-02   65589.7546
1   2011-01-09   89938.5464
2   2011-01-16  104404.9064
3   2011-01-23  118525.6846
4   2011-01-30  123555.4310
..         ...          ...
157 2014-01-05   11403.0900
158 2014-01-12    9996.3100
159 2014-01-19   11774.2100
160 2014-01-26   11711.0100
161 2014-02-02    4121.2200

[162 rows x 2 columns]
2026-07-02 10:40:56,311 [INFO] main: Converting data into bokeh plot
2026-07-02 10:40:56,336 [INFO] main: Returning chart to user
2026-07-02 11:03:03,368 [INFO] main: Shutting down application...
2026-07-02 11:03:04,402 [DEBUG] asyncio: Using selector: SelectSelector
2026-07-02 11:03:04,416 [INFO] main: Initializing DataManager and loading CSVs...
2026-07-02 11:03:04,416 [INFO] database: Loading CSVs...
2026-07-02 11:03:04,596 [INFO] database: Merging tables...
2026-07-02 11:03:04,622 [INFO] database: Data successfully loaded
2026-07-02 11:03:30,654 [INFO] main: Shutting down application...
2026-07-02 11:03:31,576 [DEBUG] asyncio: Using selector: SelectSelector
2026-07-02 11:03:31,590 [INFO] main: Initializing DataManager and loading CSVs...
2026-07-02 11:03:31,590 [INFO] database: Loading CSVs...
2026-07-02 11:03:31,772 [INFO] database: Merging tables...
2026-07-02 11:03:31,799 [INFO] database: Data successfully loaded
2026-07-02 11:05:07,736 [INFO] main: Shutting down application...
2026-07-02 11:05:08,795 [DEBUG] asyncio: Using selector: SelectSelector
2026-07-02 11:05:08,809 [INFO] main: Initializing DataManager and loading CSVs...
2026-07-02 11:05:08,809 [INFO] database: Loading CSVs...
2026-07-02 11:05:08,993 [INFO] database: Merging tables...
2026-07-02 11:05:09,020 [INFO] database: Data successfully loaded
2026-07-02 11:05:55,574 [INFO] main: Shutting down application...
2026-07-02 11:05:56,494 [DEBUG] asyncio: Using selector: SelectSelector
2026-07-02 11:05:56,508 [INFO] main: Initializing DataManager and loading CSVs...
2026-07-02 11:05:56,508 [INFO] database: Loading CSVs...
2026-07-02 11:05:56,698 [INFO] database: Merging tables...
2026-07-02 11:05:56,727 [INFO] database: Data successfully loaded
2026-07-02 11:05:58,493 [INFO] main: Getting chart of sales with W frequency
2026-07-02 11:05:58,493 [INFO] database: Getting sales data...
2026-07-02 11:05:58,529 [INFO] database: Sales data retrieved
2026-07-02 11:05:58,529 [DEBUG] main:      OrderDate  SalesAmount
0   2011-01-02   65589.7546
1   2011-01-09   89938.5464
2   2011-01-16  104404.9064
3   2011-01-23  118525.6846
4   2011-01-30  123555.4310
..         ...          ...
157 2014-01-05   11403.0900
158 2014-01-12    9996.3100
159 2014-01-19   11774.2100
160 2014-01-26   11711.0100
161 2014-02-02    4121.2200

[162 rows x 2 columns]
2026-07-02 11:05:58,535 [INFO] main: Converting data into bokeh plot
2026-07-02 11:05:58,606 [INFO] main: Returning chart to user
2026-07-02 11:06:56,799 [INFO] main: Getting chart of sales with D frequency
2026-07-02 11:06:56,800 [INFO] database: Getting sales data...
2026-07-02 11:06:56,841 [INFO] database: Sales data retrieved
2026-07-02 11:06:56,841 [DEBUG] main:      OrderDate  SalesAmount
0   2011-01-02   65589.7546
1   2011-01-09   89938.5464
2   2011-01-16  104404.9064
3   2011-01-23  118525.6846
4   2011-01-30  123555.4310
..         ...          ...
157 2014-01-05   11403.0900
158 2014-01-12    9996.3100
159 2014-01-19   11774.2100
160 2014-01-26   11711.0100
161 2014-02-02    4121.2200

[162 rows x 2 columns]
2026-07-02 11:06:56,846 [INFO] main: Converting data into bokeh plot
2026-07-02 11:06:56,872 [INFO] main: Returning chart to user
2026-07-02 11:13:13,840 [INFO] main: Getting chart of sales with W frequency
2026-07-02 11:13:13,841 [INFO] database: Getting sales data...
2026-07-02 11:13:13,885 [INFO] database: Sales data retrieved
2026-07-02 11:13:13,885 [DEBUG] main:      OrderDate  SalesAmount
0   2011-01-02   65589.7546
1   2011-01-09   89938.5464
2   2011-01-16  104404.9064
3   2011-01-23  118525.6846
4   2011-01-30  123555.4310
..         ...          ...
157 2014-01-05   11403.0900
158 2014-01-12    9996.3100
159 2014-01-19   11774.2100
160 2014-01-26   11711.0100
161 2014-02-02    4121.2200

[162 rows x 2 columns]
2026-07-02 11:13:13,892 [INFO] main: Converting data into bokeh plot
2026-07-02 11:13:13,918 [INFO] main: Returning chart to user
2026-07-02 11:14:26,707 [INFO] main: Getting chart of sales with W frequency
2026-07-02 11:14:26,707 [INFO] database: Getting sales data...
2026-07-02 11:14:26,762 [INFO] database: Sales data retrieved
2026-07-02 11:14:26,762 [DEBUG] main:      OrderDate  SalesAmount
0   2011-01-02   65589.7546
1   2011-01-09   89938.5464
2   2011-01-16  104404.9064
3   2011-01-23  118525.6846
4   2011-01-30  123555.4310
..         ...          ...
157 2014-01-05   11403.0900
158 2014-01-12    9996.3100
159 2014-01-19   11774.2100
160 2014-01-26   11711.0100
161 2014-02-02    4121.2200

[162 rows x 2 columns]
2026-07-02 11:14:26,766 [INFO] main: Converting data into bokeh plot
2026-07-02 11:14:26,798 [INFO] main: Returning chart to user
2026-07-02 11:14:30,499 [INFO] main: Getting chart of sales with ME frequency
2026-07-02 11:14:30,500 [INFO] database: Getting sales data...
2026-07-02 11:14:30,552 [INFO] database: Sales data retrieved
2026-07-02 11:14:30,552 [DEBUG] main:      OrderDate  SalesAmount
0   2011-01-02   65589.7546
1   2011-01-09   89938.5464
2   2011-01-16  104404.9064
3   2011-01-23  118525.6846
4   2011-01-30  123555.4310
..         ...          ...
157 2014-01-05   11403.0900
158 2014-01-12    9996.3100
159 2014-01-19   11774.2100
160 2014-01-26   11711.0100
161 2014-02-02    4121.2200

[162 rows x 2 columns]
2026-07-02 11:14:30,560 [INFO] main: Converting data into bokeh plot
2026-07-02 11:14:30,608 [INFO] main: Returning chart to user
2026-07-02 11:14:31,823 [INFO] main: Getting chart of sales with QE frequency
2026-07-02 11:14:31,824 [INFO] database: Getting sales data...
2026-07-02 11:14:31,866 [INFO] database: Sales data retrieved
2026-07-02 11:14:31,867 [DEBUG] main:      OrderDate  SalesAmount
0   2011-01-02   65589.7546
1   2011-01-09   89938.5464
2   2011-01-16  104404.9064
3   2011-01-23  118525.6846
4   2011-01-30  123555.4310
..         ...          ...
157 2014-01-05   11403.0900
158 2014-01-12    9996.3100
159 2014-01-19   11774.2100
160 2014-01-26   11711.0100
161 2014-02-02    4121.2200

[162 rows x 2 columns]
2026-07-02 11:14:31,871 [INFO] main: Converting data into bokeh plot
2026-07-02 11:14:31,895 [INFO] main: Returning chart to user
2026-07-02 11:16:39,355 [INFO] main: Shutting down application...
2026-07-02 11:16:40,359 [DEBUG] asyncio: Using selector: SelectSelector
2026-07-02 11:16:40,374 [INFO] main: Initializing DataManager and loading CSVs...
2026-07-02 11:16:40,374 [INFO] database: Loading CSVs...
2026-07-02 11:16:40,563 [INFO] database: Merging tables...
2026-07-02 11:16:40,593 [INFO] database: Data successfully loaded
2026-07-02 11:16:42,292 [INFO] main: Getting chart of sales with ME frequency
2026-07-02 11:16:42,292 [INFO] database: Getting sales data...
2026-07-02 11:16:42,330 [INFO] database: Sales data retrieved
2026-07-02 11:16:42,330 [DEBUG] main:      OrderDate  SalesAmount
0   2011-01-02   65589.7546
1   2011-01-09   89938.5464
2   2011-01-16  104404.9064
3   2011-01-23  118525.6846
4   2011-01-30  123555.4310
..         ...          ...
157 2014-01-05   11403.0900
158 2014-01-12    9996.3100
159 2014-01-19   11774.2100
160 2014-01-26   11711.0100
161 2014-02-02    4121.2200

[162 rows x 2 columns]
2026-07-02 11:16:42,335 [INFO] main: Converting data into bokeh plot
2026-07-02 11:16:42,407 [INFO] main: Returning chart to user
2026-07-02 11:16:43,977 [INFO] main: Getting chart of sales with QE frequency
2026-07-02 11:16:43,977 [INFO] database: Getting sales data...
2026-07-02 11:16:44,031 [INFO] database: Sales data retrieved
2026-07-02 11:16:44,031 [DEBUG] main:      OrderDate  SalesAmount
0   2011-01-02   65589.7546
1   2011-01-09   89938.5464
2   2011-01-16  104404.9064
3   2011-01-23  118525.6846
4   2011-01-30  123555.4310
..         ...          ...
157 2014-01-05   11403.0900
158 2014-01-12    9996.3100
159 2014-01-19   11774.2100
160 2014-01-26   11711.0100
161 2014-02-02    4121.2200

[162 rows x 2 columns]
2026-07-02 11:16:44,045 [INFO] main: Converting data into bokeh plot
2026-07-02 11:16:44,080 [INFO] main: Returning chart to user
2026-07-02 11:17:47,289 [INFO] main: Shutting down application...
2026-07-02 11:17:48,242 [DEBUG] asyncio: Using selector: SelectSelector
2026-07-02 11:17:48,254 [INFO] main: Initializing DataManager and loading CSVs...
2026-07-02 11:17:48,254 [INFO] database: Loading CSVs...
2026-07-02 11:17:48,435 [INFO] database: Merging tables...
2026-07-02 11:17:48,462 [INFO] database: Data successfully loaded
2026-07-02 11:17:49,835 [INFO] main: Getting chart of sales with ME frequency
2026-07-02 11:17:49,835 [INFO] database: Getting sales data...
2026-07-02 11:17:49,871 [INFO] database: Sales data retrieved
2026-07-02 11:17:49,871 [DEBUG] main:      OrderDate  SalesAmount
0   2011-01-02   65589.7546
1   2011-01-09   89938.5464
2   2011-01-16  104404.9064
3   2011-01-23  118525.6846
4   2011-01-30  123555.4310
..         ...          ...
157 2014-01-05   11403.0900
158 2014-01-12    9996.3100
159 2014-01-19   11774.2100
160 2014-01-26   11711.0100
161 2014-02-02    4121.2200

[162 rows x 2 columns]
2026-07-02 11:17:49,880 [INFO] main: Converting data into bokeh plot
2026-07-02 11:17:49,952 [INFO] main: Returning chart to user
2026-07-02 11:17:51,328 [INFO] main: Getting chart of sales with QE frequency
2026-07-02 11:17:51,329 [INFO] database: Getting sales data...
2026-07-02 11:17:51,383 [INFO] database: Sales data retrieved
2026-07-02 11:17:51,384 [DEBUG] main:      OrderDate  SalesAmount
0   2011-01-02   65589.7546
1   2011-01-09   89938.5464
2   2011-01-16  104404.9064
3   2011-01-23  118525.6846
4   2011-01-30  123555.4310
..         ...          ...
157 2014-01-05   11403.0900
158 2014-01-12    9996.3100
159 2014-01-19   11774.2100
160 2014-01-26   11711.0100
161 2014-02-02    4121.2200

[162 rows x 2 columns]
2026-07-02 11:17:51,392 [INFO] main: Converting data into bokeh plot
2026-07-02 11:17:51,439 [INFO] main: Returning chart to user
2026-07-02 11:18:09,989 [INFO] main: Shutting down application...
2026-07-02 11:18:10,918 [DEBUG] asyncio: Using selector: SelectSelector
2026-07-02 11:18:10,931 [INFO] main: Initializing DataManager and loading CSVs...
2026-07-02 11:18:10,931 [INFO] database: Loading CSVs...
2026-07-02 11:18:11,116 [INFO] database: Merging tables...
2026-07-02 11:18:11,145 [INFO] database: Data successfully loaded
2026-07-02 11:18:13,173 [INFO] main: Getting chart of sales with ME frequency
2026-07-02 11:18:13,174 [INFO] database: Getting sales data...
2026-07-02 11:18:13,218 [INFO] database: Sales data retrieved
2026-07-02 11:18:13,218 [DEBUG] main:     OrderDate   SalesAmount
0  2010-12-31  4.342104e+04
1  2011-01-31  4.698239e+05
2  2011-02-28  4.663349e+05
3  2011-03-31  4.851987e+05
4  2011-04-30  5.020738e+05
5  2011-05-31  5.616815e+05
6  2011-06-30  7.378398e+05
7  2011-07-31  5.967466e+05
8  2011-08-31  6.145579e+05
9  2011-09-30  6.030835e+05
10 2011-10-31  7.082080e+05
11 2011-11-30  6.605458e+05
12 2011-12-31  6.694315e+05
13 2012-01-31  4.953641e+05
14 2012-02-29  5.069942e+05
15 2012-03-31  3.734830e+05
16 2012-04-30  4.003356e+05
17 2012-05-31  3.588779e+05
18 2012-06-30  5.551601e+05
19 2012-07-31  4.445582e+05
20 2012-08-31  5.239174e+05
21 2012-09-30  4.861775e+05
22 2012-10-31  5.351595e+05
23 2012-11-30  5.379555e+05
24 2012-12-31  6.245022e+05
25 2013-01-31  8.576899e+05
26 2013-02-28  7.713487e+05
27 2013-03-31  1.049907e+06
28 2013-04-30  1.046023e+06
29 2013-05-31  1.284593e+06
30 2013-06-30  1.643178e+06
31 2013-07-31  1.371676e+06
32 2013-08-31  1.551066e+06
33 2013-09-30  1.447496e+06
34 2013-10-31  1.673293e+06
35 2013-11-30  1.780920e+06
36 2013-12-31  1.874360e+06
37 2014-01-31  4.569472e+04
2026-07-02 11:18:13,224 [INFO] main: Converting data into bokeh plot
2026-07-02 11:18:13,294 [INFO] main: Returning chart to user
2026-07-02 11:18:14,792 [INFO] main: Getting chart of sales with QE frequency
2026-07-02 11:18:14,792 [INFO] database: Getting sales data...
2026-07-02 11:18:14,833 [INFO] database: Sales data retrieved
2026-07-02 11:18:14,833 [DEBUG] main:     OrderDate   SalesAmount
0  2010-12-31  4.342104e+04
1  2011-03-31  1.421357e+06
2  2011-06-30  1.801595e+06
3  2011-09-30  1.814388e+06
4  2011-12-31  2.038185e+06
5  2012-03-31  1.375841e+06
6  2012-06-30  1.314374e+06
7  2012-09-30  1.454653e+06
8  2012-12-31  1.697617e+06
9  2013-03-31  2.678946e+06
10 2013-06-30  3.973793e+06
11 2013-09-30  4.370237e+06
12 2013-12-31  5.328574e+06
13 2014-03-31  4.569472e+04
2026-07-02 11:18:14,837 [INFO] main: Converting data into bokeh plot
2026-07-02 11:18:14,863 [INFO] main: Returning chart to user
2026-07-02 11:18:16,096 [INFO] main: Getting chart of sales with YE frequency
2026-07-02 11:18:16,096 [INFO] database: Getting sales data...
2026-07-02 11:18:16,145 [INFO] database: Sales data retrieved
2026-07-02 11:18:16,145 [DEBUG] main:    OrderDate   SalesAmount
0 2010-12-31  4.342104e+04
1 2011-12-31  7.075526e+06
2 2012-12-31  5.842485e+06
3 2013-12-31  1.635155e+07
4 2014-12-31  4.569472e+04
2026-07-02 11:18:16,149 [INFO] main: Converting data into bokeh plot
2026-07-02 11:18:16,174 [INFO] main: Returning chart to user
2026-07-02 11:18:17,256 [INFO] main: Getting chart of sales with QE frequency
2026-07-02 11:18:17,256 [INFO] database: Getting sales data...
2026-07-02 11:18:17,304 [INFO] database: Sales data retrieved
2026-07-02 11:18:17,304 [DEBUG] main:     OrderDate   SalesAmount
0  2010-12-31  4.342104e+04
1  2011-03-31  1.421357e+06
2  2011-06-30  1.801595e+06
3  2011-09-30  1.814388e+06
4  2011-12-31  2.038185e+06
5  2012-03-31  1.375841e+06
6  2012-06-30  1.314374e+06
7  2012-09-30  1.454653e+06
8  2012-12-31  1.697617e+06
9  2013-03-31  2.678946e+06
10 2013-06-30  3.973793e+06
11 2013-09-30  4.370237e+06
12 2013-12-31  5.328574e+06
13 2014-03-31  4.569472e+04
2026-07-02 11:18:17,312 [INFO] main: Converting data into bokeh plot
2026-07-02 11:18:17,353 [INFO] main: Returning chart to user
2026-07-02 11:18:21,714 [INFO] main: Getting chart of sales with W frequency
2026-07-02 11:18:21,714 [INFO] database: Getting sales data...
2026-07-02 11:18:21,765 [INFO] database: Sales data retrieved
2026-07-02 11:18:21,765 [DEBUG] main:      OrderDate  SalesAmount
0   2011-01-02   65589.7546
1   2011-01-09   89938.5464
2   2011-01-16  104404.9064
3   2011-01-23  118525.6846
4   2011-01-30  123555.4310
..         ...          ...
157 2014-01-05   11403.0900
158 2014-01-12    9996.3100
159 2014-01-19   11774.2100
160 2014-01-26   11711.0100
161 2014-02-02    4121.2200

[162 rows x 2 columns]
2026-07-02 11:18:21,773 [INFO] main: Converting data into bokeh plot
2026-07-02 11:18:21,814 [INFO] main: Returning chart to user
2026-07-02 11:18:23,018 [INFO] main: Getting chart of sales with D frequency
2026-07-02 11:18:23,018 [INFO] database: Getting sales data...
2026-07-02 11:18:23,063 [INFO] database: Sales data retrieved
2026-07-02 11:18:23,064 [DEBUG] main:       OrderDate  SalesAmount
0    2010-12-29   14477.3382
1    2010-12-30   13931.5200
2    2010-12-31   15012.1782
3    2011-01-01    7156.5400
4    2011-01-02   15012.1782
...         ...          ...
1122 2014-01-24    1502.8500
1123 2014-01-25    1747.6700
1124 2014-01-26    1847.4600
1125 2014-01-27    1477.6100
1126 2014-01-28    2643.6100

[1127 rows x 2 columns]
2026-07-02 11:18:23,067 [INFO] main: Converting data into bokeh plot
2026-07-02 11:18:23,093 [INFO] main: Returning chart to user
2026-07-02 11:18:25,024 [INFO] main: Getting chart of sales with W frequency
2026-07-02 11:18:25,025 [INFO] database: Getting sales data...
2026-07-02 11:18:25,060 [INFO] database: Sales data retrieved
2026-07-02 11:18:25,061 [DEBUG] main:      OrderDate  SalesAmount
0   2011-01-02   65589.7546
1   2011-01-09   89938.5464
2   2011-01-16  104404.9064
3   2011-01-23  118525.6846
4   2011-01-30  123555.4310
..         ...          ...
157 2014-01-05   11403.0900
158 2014-01-12    9996.3100
159 2014-01-19   11774.2100
160 2014-01-26   11711.0100
161 2014-02-02    4121.2200

[162 rows x 2 columns]
2026-07-02 11:18:25,065 [INFO] main: Converting data into bokeh plot
2026-07-02 11:18:25,091 [INFO] main: Returning chart to user
2026-07-02 11:19:19,572 [INFO] main: Shutting down application...
2026-07-02 11:19:20,577 [DEBUG] asyncio: Using selector: SelectSelector
2026-07-02 11:19:20,590 [INFO] main: Initializing DataManager and loading CSVs...
2026-07-02 11:19:20,590 [INFO] database: Loading CSVs...
2026-07-02 11:19:20,783 [INFO] database: Merging tables...
2026-07-02 11:19:20,813 [INFO] database: Data successfully loaded
2026-07-02 11:19:23,185 [INFO] main: Getting chart of sales with ME frequency
2026-07-02 11:19:23,185 [INFO] database: Getting sales data...
2026-07-02 11:19:23,221 [INFO] database: Sales data retrieved
2026-07-02 11:19:23,221 [DEBUG] main:     OrderDate   SalesAmount
0  2010-12-31  4.342104e+04
1  2011-01-31  4.698239e+05
2  2011-02-28  4.663349e+05
3  2011-03-31  4.851987e+05
4  2011-04-30  5.020738e+05
5  2011-05-31  5.616815e+05
6  2011-06-30  7.378398e+05
7  2011-07-31  5.967466e+05
8  2011-08-31  6.145579e+05
9  2011-09-30  6.030835e+05
10 2011-10-31  7.082080e+05
11 2011-11-30  6.605458e+05
12 2011-12-31  6.694315e+05
13 2012-01-31  4.953641e+05
14 2012-02-29  5.069942e+05
15 2012-03-31  3.734830e+05
16 2012-04-30  4.003356e+05
17 2012-05-31  3.588779e+05
18 2012-06-30  5.551601e+05
19 2012-07-31  4.445582e+05
20 2012-08-31  5.239174e+05
21 2012-09-30  4.861775e+05
22 2012-10-31  5.351595e+05
23 2012-11-30  5.379555e+05
24 2012-12-31  6.245022e+05
25 2013-01-31  8.576899e+05
26 2013-02-28  7.713487e+05
27 2013-03-31  1.049907e+06
28 2013-04-30  1.046023e+06
29 2013-05-31  1.284593e+06
30 2013-06-30  1.643178e+06
31 2013-07-31  1.371676e+06
32 2013-08-31  1.551066e+06
33 2013-09-30  1.447496e+06
34 2013-10-31  1.673293e+06
35 2013-11-30  1.780920e+06
36 2013-12-31  1.874360e+06
37 2014-01-31  4.569472e+04
2026-07-02 11:19:23,229 [INFO] main: Converting data into bokeh plot
2026-07-02 11:19:23,297 [INFO] main: Returning chart to user
2026-07-02 11:19:25,579 [INFO] main: Getting chart of sales with W frequency
2026-07-02 11:19:25,580 [INFO] database: Getting sales data...
2026-07-02 11:19:25,614 [INFO] database: Sales data retrieved
2026-07-02 11:19:25,614 [DEBUG] main:      OrderDate  SalesAmount
0   2011-01-02   65589.7546
1   2011-01-09   89938.5464
2   2011-01-16  104404.9064
3   2011-01-23  118525.6846
4   2011-01-30  123555.4310
..         ...          ...
157 2014-01-05   11403.0900
158 2014-01-12    9996.3100
159 2014-01-19   11774.2100
160 2014-01-26   11711.0100
161 2014-02-02    4121.2200

[162 rows x 2 columns]
2026-07-02 11:19:25,619 [INFO] main: Converting data into bokeh plot
2026-07-02 11:19:25,645 [INFO] main: Returning chart to user
2026-07-02 11:19:29,172 [INFO] main: Shutting down application...
2026-07-02 11:19:30,078 [DEBUG] asyncio: Using selector: SelectSelector
2026-07-02 11:19:30,093 [INFO] main: Initializing DataManager and loading CSVs...
2026-07-02 11:19:30,093 [INFO] database: Loading CSVs...
2026-07-02 11:19:30,276 [INFO] database: Merging tables...
2026-07-02 11:19:30,303 [INFO] database: Data successfully loaded
2026-07-02 11:19:31,989 [INFO] main: Getting chart of sales with ME frequency
2026-07-02 11:19:31,989 [INFO] database: Getting sales data...
2026-07-02 11:19:32,025 [INFO] database: Sales data retrieved
2026-07-02 11:19:32,026 [DEBUG] main:     OrderDate   SalesAmount
0  2010-12-31  4.342104e+04
1  2011-01-31  4.698239e+05
2  2011-02-28  4.663349e+05
3  2011-03-31  4.851987e+05
4  2011-04-30  5.020738e+05
5  2011-05-31  5.616815e+05
6  2011-06-30  7.378398e+05
7  2011-07-31  5.967466e+05
8  2011-08-31  6.145579e+05
9  2011-09-30  6.030835e+05
10 2011-10-31  7.082080e+05
11 2011-11-30  6.605458e+05
12 2011-12-31  6.694315e+05
13 2012-01-31  4.953641e+05
14 2012-02-29  5.069942e+05
15 2012-03-31  3.734830e+05
16 2012-04-30  4.003356e+05
17 2012-05-31  3.588779e+05
18 2012-06-30  5.551601e+05
19 2012-07-31  4.445582e+05
20 2012-08-31  5.239174e+05
21 2012-09-30  4.861775e+05
22 2012-10-31  5.351595e+05
23 2012-11-30  5.379555e+05
24 2012-12-31  6.245022e+05
25 2013-01-31  8.576899e+05
26 2013-02-28  7.713487e+05
27 2013-03-31  1.049907e+06
28 2013-04-30  1.046023e+06
29 2013-05-31  1.284593e+06
30 2013-06-30  1.643178e+06
31 2013-07-31  1.371676e+06
32 2013-08-31  1.551066e+06
33 2013-09-30  1.447496e+06
34 2013-10-31  1.673293e+06
35 2013-11-30  1.780920e+06
36 2013-12-31  1.874360e+06
37 2014-01-31  4.569472e+04
2026-07-02 11:19:32,032 [INFO] main: Converting data into bokeh plot
2026-07-02 11:19:32,101 [INFO] main: Returning chart to user
2026-07-02 11:19:32,828 [INFO] main: Getting chart of sales with QE frequency
2026-07-02 11:19:32,829 [INFO] database: Getting sales data...
2026-07-02 11:19:32,882 [INFO] database: Sales data retrieved
2026-07-02 11:19:32,882 [DEBUG] main:     OrderDate   SalesAmount
0  2010-12-31  4.342104e+04
1  2011-03-31  1.421357e+06
2  2011-06-30  1.801595e+06
3  2011-09-30  1.814388e+06
4  2011-12-31  2.038185e+06
5  2012-03-31  1.375841e+06
6  2012-06-30  1.314374e+06
7  2012-09-30  1.454653e+06
8  2012-12-31  1.697617e+06
9  2013-03-31  2.678946e+06
10 2013-06-30  3.973793e+06
11 2013-09-30  4.370237e+06
12 2013-12-31  5.328574e+06
13 2014-03-31  4.569472e+04
2026-07-02 11:19:32,890 [INFO] main: Converting data into bokeh plot
2026-07-02 11:19:32,917 [INFO] main: Returning chart to user
2026-07-02 11:19:35,068 [INFO] main: Getting chart of sales with ME frequency
2026-07-02 11:19:35,069 [INFO] database: Getting sales data...
2026-07-02 11:19:35,121 [INFO] database: Sales data retrieved
2026-07-02 11:19:35,121 [DEBUG] main:     OrderDate   SalesAmount
0  2010-12-31  4.342104e+04
1  2011-01-31  4.698239e+05
2  2011-02-28  4.663349e+05
3  2011-03-31  4.851987e+05
4  2011-04-30  5.020738e+05
5  2011-05-31  5.616815e+05
6  2011-06-30  7.378398e+05
7  2011-07-31  5.967466e+05
8  2011-08-31  6.145579e+05
9  2011-09-30  6.030835e+05
10 2011-10-31  7.082080e+05
11 2011-11-30  6.605458e+05
12 2011-12-31  6.694315e+05
13 2012-01-31  4.953641e+05
14 2012-02-29  5.069942e+05
15 2012-03-31  3.734830e+05
16 2012-04-30  4.003356e+05
17 2012-05-31  3.588779e+05
18 2012-06-30  5.551601e+05
19 2012-07-31  4.445582e+05
20 2012-08-31  5.239174e+05
21 2012-09-30  4.861775e+05
22 2012-10-31  5.351595e+05
23 2012-11-30  5.379555e+05
24 2012-12-31  6.245022e+05
25 2013-01-31  8.576899e+05
26 2013-02-28  7.713487e+05
27 2013-03-31  1.049907e+06
28 2013-04-30  1.046023e+06
29 2013-05-31  1.284593e+06
30 2013-06-30  1.643178e+06
31 2013-07-31  1.371676e+06
32 2013-08-31  1.551066e+06
33 2013-09-30  1.447496e+06
34 2013-10-31  1.673293e+06
35 2013-11-30  1.780920e+06
36 2013-12-31  1.874360e+06
37 2014-01-31  4.569472e+04
2026-07-02 11:19:35,131 [INFO] main: Converting data into bokeh plot
2026-07-02 11:19:35,176 [INFO] main: Returning chart to user
2026-07-02 11:19:43,733 [INFO] main: Getting chart of sales with QE frequency
2026-07-02 11:19:43,734 [INFO] database: Getting sales data...
2026-07-02 11:19:43,772 [INFO] database: Sales data retrieved
2026-07-02 11:19:43,772 [DEBUG] main:     OrderDate   SalesAmount
0  2010-12-31  4.342104e+04
1  2011-03-31  1.421357e+06
2  2011-06-30  1.801595e+06
3  2011-09-30  1.814388e+06
4  2011-12-31  2.038185e+06
5  2012-03-31  1.375841e+06
6  2012-06-30  1.314374e+06
7  2012-09-30  1.454653e+06
8  2012-12-31  1.697617e+06
9  2013-03-31  2.678946e+06
10 2013-06-30  3.973793e+06
11 2013-09-30  4.370237e+06
12 2013-12-31  5.328574e+06
13 2014-03-31  4.569472e+04
2026-07-02 11:19:43,779 [INFO] main: Converting data into bokeh plot
2026-07-02 11:19:43,809 [INFO] main: Returning chart to user
2026-07-02 11:20:07,405 [INFO] main: Shutting down application...
2026-07-02 11:20:08,371 [DEBUG] asyncio: Using selector: SelectSelector
2026-07-02 11:20:08,385 [INFO] main: Initializing DataManager and loading CSVs...
2026-07-02 11:20:08,385 [INFO] database: Loading CSVs...
2026-07-02 11:20:08,574 [INFO] database: Merging tables...
2026-07-02 11:20:08,602 [INFO] database: Data successfully loaded
2026-07-02 11:20:12,384 [INFO] main: Getting chart of sales with ME frequency
2026-07-02 11:20:12,385 [INFO] database: Getting sales data...
2026-07-02 11:20:12,431 [INFO] database: Sales data retrieved
2026-07-02 11:20:12,431 [DEBUG] main:     OrderDate   SalesAmount
0  2010-12-31  4.342104e+04
1  2011-01-31  4.698239e+05
2  2011-02-28  4.663349e+05
3  2011-03-31  4.851987e+05
4  2011-04-30  5.020738e+05
5  2011-05-31  5.616815e+05
6  2011-06-30  7.378398e+05
7  2011-07-31  5.967466e+05
8  2011-08-31  6.145579e+05
9  2011-09-30  6.030835e+05
10 2011-10-31  7.082080e+05
11 2011-11-30  6.605458e+05
12 2011-12-31  6.694315e+05
13 2012-01-31  4.953641e+05
14 2012-02-29  5.069942e+05
15 2012-03-31  3.734830e+05
16 2012-04-30  4.003356e+05
17 2012-05-31  3.588779e+05
18 2012-06-30  5.551601e+05
19 2012-07-31  4.445582e+05
20 2012-08-31  5.239174e+05
21 2012-09-30  4.861775e+05
22 2012-10-31  5.351595e+05
23 2012-11-30  5.379555e+05
24 2012-12-31  6.245022e+05
25 2013-01-31  8.576899e+05
26 2013-02-28  7.713487e+05
27 2013-03-31  1.049907e+06
28 2013-04-30  1.046023e+06
29 2013-05-31  1.284593e+06
30 2013-06-30  1.643178e+06
31 2013-07-31  1.371676e+06
32 2013-08-31  1.551066e+06
33 2013-09-30  1.447496e+06
34 2013-10-31  1.673293e+06
35 2013-11-30  1.780920e+06
36 2013-12-31  1.874360e+06
37 2014-01-31  4.569472e+04
2026-07-02 11:20:12,437 [INFO] main: Converting data into bokeh plot
2026-07-02 11:20:12,505 [INFO] main: Returning chart to user
2026-07-02 11:20:13,447 [INFO] main: Getting chart of sales with QE frequency
2026-07-02 11:20:13,448 [INFO] database: Getting sales data...
2026-07-02 11:20:13,498 [INFO] database: Sales data retrieved
2026-07-02 11:20:13,498 [DEBUG] main:     OrderDate   SalesAmount
0  2010-12-31  4.342104e+04
1  2011-03-31  1.421357e+06
2  2011-06-30  1.801595e+06
3  2011-09-30  1.814388e+06
4  2011-12-31  2.038185e+06
5  2012-03-31  1.375841e+06
6  2012-06-30  1.314374e+06
7  2012-09-30  1.454653e+06
8  2012-12-31  1.697617e+06
9  2013-03-31  2.678946e+06
10 2013-06-30  3.973793e+06
11 2013-09-30  4.370237e+06
12 2013-12-31  5.328574e+06
13 2014-03-31  4.569472e+04
2026-07-02 11:20:13,502 [INFO] main: Converting data into bokeh plot
2026-07-02 11:20:13,534 [INFO] main: Returning chart to user
2026-07-02 11:20:14,089 [INFO] main: Getting chart of sales with YE frequency
2026-07-02 11:20:14,090 [INFO] database: Getting sales data...
2026-07-02 11:20:14,141 [INFO] database: Sales data retrieved
2026-07-02 11:20:14,141 [DEBUG] main:    OrderDate   SalesAmount
0 2010-12-31  4.342104e+04
1 2011-12-31  7.075526e+06
2 2012-12-31  5.842485e+06
3 2013-12-31  1.635155e+07
4 2014-12-31  4.569472e+04
2026-07-02 11:20:14,148 [INFO] main: Converting data into bokeh plot
2026-07-02 11:20:14,184 [INFO] main: Returning chart to user
2026-07-02 11:23:18,373 [INFO] main: Shutting down application...
2026-07-02 11:23:19,408 [DEBUG] asyncio: Using selector: SelectSelector
2026-07-02 11:23:19,421 [INFO] main: Initializing DataManager and loading CSVs...
2026-07-02 11:23:19,421 [INFO] database: Loading CSVs...
2026-07-02 11:23:19,613 [INFO] database: Merging tables...
2026-07-02 11:23:19,643 [INFO] database: Data successfully loaded
2026-07-02 11:23:21,567 [INFO] main: Getting chart of sales with W frequency
2026-07-02 11:23:21,567 [INFO] database: Getting sales data...
2026-07-02 11:23:21,617 [INFO] database: Sales data retrieved
2026-07-02 11:23:21,617 [DEBUG] main:      OrderDate  SalesAmount
0   2011-01-02   65589.7546
1   2011-01-09   89938.5464
2   2011-01-16  104404.9064
3   2011-01-23  118525.6846
4   2011-01-30  123555.4310
..         ...          ...
157 2014-01-05   11403.0900
158 2014-01-12    9996.3100
159 2014-01-19   11774.2100
160 2014-01-26   11711.0100
161 2014-02-02    4121.2200

[162 rows x 2 columns]
2026-07-02 11:23:21,623 [INFO] main: Converting data into bokeh plot
2026-07-02 11:23:21,691 [INFO] main: Returning chart to user
2026-07-02 11:23:22,874 [INFO] main: Getting chart of sales with ME frequency
2026-07-02 11:23:22,875 [INFO] database: Getting sales data...
2026-07-02 11:23:22,917 [INFO] database: Sales data retrieved
2026-07-02 11:23:22,917 [DEBUG] main:     OrderDate   SalesAmount
0  2010-12-31  4.342104e+04
1  2011-01-31  4.698239e+05
2  2011-02-28  4.663349e+05
3  2011-03-31  4.851987e+05
4  2011-04-30  5.020738e+05
5  2011-05-31  5.616815e+05
6  2011-06-30  7.378398e+05
7  2011-07-31  5.967466e+05
8  2011-08-31  6.145579e+05
9  2011-09-30  6.030835e+05
10 2011-10-31  7.082080e+05
11 2011-11-30  6.605458e+05
12 2011-12-31  6.694315e+05
13 2012-01-31  4.953641e+05
14 2012-02-29  5.069942e+05
15 2012-03-31  3.734830e+05
16 2012-04-30  4.003356e+05
17 2012-05-31  3.588779e+05
18 2012-06-30  5.551601e+05
19 2012-07-31  4.445582e+05
20 2012-08-31  5.239174e+05
21 2012-09-30  4.861775e+05
22 2012-10-31  5.351595e+05
23 2012-11-30  5.379555e+05
24 2012-12-31  6.245022e+05
25 2013-01-31  8.576899e+05
26 2013-02-28  7.713487e+05
27 2013-03-31  1.049907e+06
28 2013-04-30  1.046023e+06
29 2013-05-31  1.284593e+06
30 2013-06-30  1.643178e+06
31 2013-07-31  1.371676e+06
32 2013-08-31  1.551066e+06
33 2013-09-30  1.447496e+06
34 2013-10-31  1.673293e+06
35 2013-11-30  1.780920e+06
36 2013-12-31  1.874360e+06
37 2014-01-31  4.569472e+04
2026-07-02 11:23:22,922 [INFO] main: Converting data into bokeh plot
2026-07-02 11:23:22,948 [INFO] main: Returning chart to user
2026-07-02 11:23:28,154 [INFO] main: Getting chart of sales with QE frequency
2026-07-02 11:23:28,155 [INFO] database: Getting sales data...
2026-07-02 11:23:28,205 [INFO] database: Sales data retrieved
2026-07-02 11:23:28,205 [DEBUG] main:     OrderDate   SalesAmount
0  2010-12-31  4.342104e+04
1  2011-03-31  1.421357e+06
2  2011-06-30  1.801595e+06
3  2011-09-30  1.814388e+06
4  2011-12-31  2.038185e+06
5  2012-03-31  1.375841e+06
6  2012-06-30  1.314374e+06
7  2012-09-30  1.454653e+06
8  2012-12-31  1.697617e+06
9  2013-03-31  2.678946e+06
10 2013-06-30  3.973793e+06
11 2013-09-30  4.370237e+06
12 2013-12-31  5.328574e+06
13 2014-03-31  4.569472e+04
2026-07-02 11:23:28,210 [INFO] main: Converting data into bokeh plot
2026-07-02 11:23:28,234 [INFO] main: Returning chart to user
2026-07-02 11:23:35,124 [INFO] main: Shutting down application...
2026-07-02 11:23:36,095 [DEBUG] asyncio: Using selector: SelectSelector
2026-07-02 11:23:36,111 [INFO] main: Initializing DataManager and loading CSVs...
2026-07-02 11:23:36,111 [INFO] database: Loading CSVs...
2026-07-02 11:23:36,303 [INFO] database: Merging tables...
2026-07-02 11:23:36,334 [INFO] database: Data successfully loaded
2026-07-02 11:23:36,338 [INFO] main: Getting chart of sales with ME frequency
2026-07-02 11:23:36,338 [INFO] database: Getting sales data...
2026-07-02 11:23:36,372 [INFO] database: Sales data retrieved
2026-07-02 11:23:36,373 [DEBUG] main:     OrderDate   SalesAmount
0  2010-12-31  4.342104e+04
1  2011-01-31  4.698239e+05
2  2011-02-28  4.663349e+05
3  2011-03-31  4.851987e+05
4  2011-04-30  5.020738e+05
5  2011-05-31  5.616815e+05
6  2011-06-30  7.378398e+05
7  2011-07-31  5.967466e+05
8  2011-08-31  6.145579e+05
9  2011-09-30  6.030835e+05
10 2011-10-31  7.082080e+05
11 2011-11-30  6.605458e+05
12 2011-12-31  6.694315e+05
13 2012-01-31  4.953641e+05
14 2012-02-29  5.069942e+05
15 2012-03-31  3.734830e+05
16 2012-04-30  4.003356e+05
17 2012-05-31  3.588779e+05
18 2012-06-30  5.551601e+05
19 2012-07-31  4.445582e+05
20 2012-08-31  5.239174e+05
21 2012-09-30  4.861775e+05
22 2012-10-31  5.351595e+05
23 2012-11-30  5.379555e+05
24 2012-12-31  6.245022e+05
25 2013-01-31  8.576899e+05
26 2013-02-28  7.713487e+05
27 2013-03-31  1.049907e+06
28 2013-04-30  1.046023e+06
29 2013-05-31  1.284593e+06
30 2013-06-30  1.643178e+06
31 2013-07-31  1.371676e+06
32 2013-08-31  1.551066e+06
33 2013-09-30  1.447496e+06
34 2013-10-31  1.673293e+06
35 2013-11-30  1.780920e+06
36 2013-12-31  1.874360e+06
37 2014-01-31  4.569472e+04
2026-07-02 11:23:36,380 [INFO] main: Converting data into bokeh plot
2026-07-02 11:23:36,450 [INFO] main: Returning chart to user
2026-07-02 11:23:38,970 [INFO] main: Getting chart of sales with QE frequency
2026-07-02 11:23:38,970 [INFO] database: Getting sales data...
2026-07-02 11:23:39,023 [INFO] database: Sales data retrieved
2026-07-02 11:23:39,023 [DEBUG] main:     OrderDate   SalesAmount
0  2010-12-31  4.342104e+04
1  2011-03-31  1.421357e+06
2  2011-06-30  1.801595e+06
3  2011-09-30  1.814388e+06
4  2011-12-31  2.038185e+06
5  2012-03-31  1.375841e+06
6  2012-06-30  1.314374e+06
7  2012-09-30  1.454653e+06
8  2012-12-31  1.697617e+06
9  2013-03-31  2.678946e+06
10 2013-06-30  3.973793e+06
11 2013-09-30  4.370237e+06
12 2013-12-31  5.328574e+06
13 2014-03-31  4.569472e+04
2026-07-02 11:23:39,030 [INFO] main: Converting data into bokeh plot
2026-07-02 11:23:39,072 [INFO] main: Returning chart to user
2026-07-02 11:24:03,422 [INFO] main: Shutting down application...
